Using pre-set license
Built from '2023.1/staging' branch; Version is '2023.1.0f1 (a008fa768e6c) revision 10488058'; Using compiler version '192829333'; Build Type 'Release'
OS: 'Windows 11  (10.0.22621) 64bit Professional' Language: 'en' Physical Memory: 32556 MB
BatchMode: 1, IsHumanControllingUs: 0, StartBugReporterOnCrash: 0, Is64bit: 1, IsPro: 1

COMMAND LINE ARGUMENTS:
C:\Program Files\2023.1.0f1\Editor\Unity.exe
-adb2
-batchMode
-noUpm
-name
AssetImportWorker3
-projectPath
C:/Users/boris/Documents/Privateer
-logFile
Logs/AssetImportWorker3.log
-srvPort
54268
Successfully changed project path to: C:/Users/boris/Documents/Privateer
C:/Users/boris/Documents/Privateer
[UnityMemory] Configuration Parameters - Can be set up in boot.config
    "memorysetup-bucket-allocator-granularity=16"
    "memorysetup-bucket-allocator-bucket-count=8"
    "memorysetup-bucket-allocator-block-size=33554432"
    "memorysetup-bucket-allocator-block-count=8"
    "memorysetup-main-allocator-block-size=16777216"
    "memorysetup-thread-allocator-block-size=16777216"
    "memorysetup-gfx-main-allocator-block-size=16777216"
    "memorysetup-gfx-thread-allocator-block-size=16777216"
    "memorysetup-cache-allocator-block-size=4194304"
    "memorysetup-typetree-allocator-block-size=2097152"
    "memorysetup-profiler-bucket-allocator-granularity=16"
    "memorysetup-profiler-bucket-allocator-bucket-count=8"
    "memorysetup-profiler-bucket-allocator-block-size=33554432"
    "memorysetup-profiler-bucket-allocator-block-count=8"
    "memorysetup-profiler-allocator-block-size=16777216"
    "memorysetup-profiler-editor-allocator-block-size=1048576"
    "memorysetup-temp-allocator-size-main=16777216"
    "memorysetup-job-temp-allocator-block-size=2097152"
    "memorysetup-job-temp-allocator-block-size-background=1048576"
    "memorysetup-job-temp-allocator-reduction-small-platforms=262144"
    "memorysetup-allocator-temp-initial-block-size-main=262144"
    "memorysetup-allocator-temp-initial-block-size-worker=262144"
    "memorysetup-temp-allocator-size-background-worker=32768"
    "memorysetup-temp-allocator-size-job-worker=262144"
    "memorysetup-temp-allocator-size-preload-manager=33554432"
    "memorysetup-temp-allocator-size-nav-mesh-worker=65536"
    "memorysetup-temp-allocator-size-audio-worker=65536"
    "memorysetup-temp-allocator-size-cloud-worker=32768"
    "memorysetup-temp-allocator-size-gi-baking-worker=262144"
    "memorysetup-temp-allocator-size-gfx=262144"
Player connection [9508] Host "[IP] 192.168.1.132 [Port] 0 [Flags] 2 [Guid] 3618533167 [EditorId] 3618533167 [Version] 1048832 [Id] WindowsEditor(7,Kremlin2) [Debug] 1 [PackageName] WindowsEditor [ProjectName] Editor" joined multi-casting on [225.0.0.222:54997]...

Player connection [9508] Host "[IP] 192.168.1.132 [Port] 0 [Flags] 2 [Guid] 3618533167 [EditorId] 3618533167 [Version] 1048832 [Id] WindowsEditor(7,Kremlin2) [Debug] 1 [PackageName] WindowsEditor [ProjectName] Editor" joined alternative multi-casting on [225.0.0.222:34997]...

Library Redirect Path: Library/Platform AndroidPlayer does not support graphics device type OpenGL ES 2
Refreshing native plugins compatible for Editor in 18.60 ms, found 2 plugins.
Preloading 0 native plugins for Editor in 0.00 ms.
Initialize engine version: 2023.1.0f1 (a008fa768e6c)
[Subsystems] Discovering subsystems at path C:/Program Files/2023.1.0f1/Editor/Data/Resources/UnitySubsystems
[Subsystems] Discovering subsystems at path C:/Users/boris/Documents/Privateer/Assets
GfxDevice: creating device client; threaded=0; jobified=0
Direct3D:
    Version:  Direct3D 11.0 [level 11.1]
    Renderer: NVIDIA Quadro RTX 3000 (ID=0x1f36)
    Vendor:   NVIDIA
    VRAM:     5968 MB
    Driver:   31.0.15.3742
Initialize mono
Mono path[0] = 'C:/Program Files/2023.1.0f1/Editor/Data/Managed'
Mono path[1] = 'C:/Program Files/2023.1.0f1/Editor/Data/MonoBleedingEdge/lib/mono/unityjit-win32'
Mono config path = 'C:/Program Files/2023.1.0f1/Editor/Data/MonoBleedingEdge/etc'
Using monoOptions --debugger-agent=transport=dt_socket,embedding=1,server=y,suspend=n,address=127.0.0.1:56504
Begin MonoManager ReloadAssembly
C:\build\output\Unity-Technologies\mono\mono\metadata\icall.c:1842:
C:\build\output\Unity-Technologies\mono\mono\metadata\icall.c:1842:
C:\build\output\Unity-Technologies\mono\mono\metadata\icall.c:1842:
C:\build\output\Unity-Technologies\mono\mono\metadata\icall.c:1842:
C:\build\output\Unity-Technologies\mono\mono\metadata\icall.c:1842:
C:\build\output\Unity-Technologies\mono\mono\metadata\icall.c:1842:
C:\build\output\Unity-Technologies\mono\mono\metadata\icall.c:1842:
C:\build\output\Unity-Technologies\mono\mono\metadata\icall.c:1842:
C:\build\output\Unity-Technologies\mono\mono\metadata\icall.c:1842:
C:\build\output\Unity-Technologies\mono\mono\metadata\icall.c:1842:
Registering precompiled unity dll's ...
Register platform support module: C:/Program Files/2023.1.0f1/Editor/Data/PlaybackEngines/WebGLSupport/UnityEditor.WebGL.Extensions.dll
Register platform support module: C:/Program Files/2023.1.0f1/Editor/Data/PlaybackEngines/WindowsStandaloneSupport/UnityEditor.WindowsStandalone.Extensions.dll
Registered in 0.004086 seconds.
- Loaded All Assemblies, in  0.558 seconds
Native extension for WindowsStandalone target not found
Native extension for WebGL target not found
Mono: successfully reloaded assembly
C:\build\output\Unity-Technologies\mono\mono\metadata\icall.c:1842:
C:\build\output\Unity-Technologies\mono\mono\metadata\icall.c:1842:
- Finished resetting the current domain, in  0.362 seconds
Domain Reload Profiling: 919ms
	BeginReloadAssembly (170ms)
		ExecutionOrderSort (0ms)
		DisableScriptedObjects (0ms)
		BackupInstance (0ms)
		ReleaseScriptingObjects (0ms)
		CreateAndSetChildDomain (1ms)
	RebuildCommonClasses (61ms)
	RebuildNativeTypeToScriptingClass (15ms)
	initialDomainReloadingComplete (62ms)
	LoadAllAssembliesAndSetupDomain (248ms)
		LoadAssemblies (166ms)
		RebuildTransferFunctionScriptingTraits (0ms)
		AnalyzeDomain (243ms)
			TypeCache.Refresh (241ms)
				TypeCache.ScanAssembly (220ms)
			ScanForSourceGeneratedMonoScriptInfo (1ms)
			ResolveRequiredComponents (1ms)
	FinalizeReload (363ms)
		ReleaseScriptCaches (0ms)
		RebuildScriptCaches (0ms)
		SetupLoadedEditorAssemblies (298ms)
			LogAssemblyErrors (0ms)
			InitializePlatformSupportModulesInManaged (18ms)
			SetLoadedEditorAssemblies (6ms)
			BeforeProcessingInitializeOnLoad (9ms)
			ProcessInitializeOnLoadAttributes (200ms)
			ProcessInitializeOnLoadMethodAttributes (64ms)
			AfterProcessingInitializeOnLoad (0ms)
			EditorAssembliesLoaded (0ms)
		ExecutionOrderSort2 (0ms)
		AwakeInstancesAfterBackupRestoration (0ms)
========================================================================
Worker process is ready to serve import requests
Import Worker Mode flag is 0x00
Begin MonoManager ReloadAssembly
C:\build\output\Unity-Technologies\mono\mono\metadata\icall.c:1842:
C:\build\output\Unity-Technologies\mono\mono\metadata\icall.c:1842:
C:\build\output\Unity-Technologies\mono\mono\metadata\icall.c:1842:
C:\build\output\Unity-Technologies\mono\mono\metadata\icall.c:1842:
C:\build\output\Unity-Technologies\mono\mono\metadata\icall.c:1842:
C:\build\output\Unity-Technologies\mono\mono\metadata\icall.c:1842:
C:\build\output\Unity-Technologies\mono\mono\metadata\icall.c:1842:
C:\build\output\Unity-Technologies\mono\mono\metadata\icall.c:1842:
C:\build\output\Unity-Technologies\mono\mono\metadata\icall.c:1842:
C:\build\output\Unity-Technologies\mono\mono\metadata\icall.c:1842:
C:\build\output\Unity-Technologies\mono\mono\metadata\icall.c:1842:
C:\build\output\Unity-Technologies\mono\mono\metadata\icall.c:1842:
Symbol file LoadedFromMemory is not a mono symbol file
- Loaded All Assemblies, in  1.236 seconds
Refreshing native plugins compatible for Editor in 7.34 ms, found 2 plugins.
Native extension for WindowsStandalone target not found
Native extension for WebGL target not found
Mono: successfully reloaded assembly
- Finished resetting the current domain, in  0.910 seconds
Domain Reload Profiling: 2143ms
	BeginReloadAssembly (354ms)
		ExecutionOrderSort (0ms)
		DisableScriptedObjects (7ms)
		BackupInstance (0ms)
		ReleaseScriptingObjects (0ms)
		CreateAndSetChildDomain (32ms)
	RebuildCommonClasses (44ms)
	RebuildNativeTypeToScriptingClass (15ms)
	initialDomainReloadingComplete (43ms)
	LoadAllAssembliesAndSetupDomain (777ms)
		LoadAssemblies (505ms)
		RebuildTransferFunctionScriptingTraits (0ms)
		AnalyzeDomain (381ms)
			TypeCache.Refresh (354ms)
				TypeCache.ScanAssembly (338ms)
			ScanForSourceGeneratedMonoScriptInfo (22ms)
			ResolveRequiredComponents (5ms)
	FinalizeReload (911ms)
		ReleaseScriptCaches (0ms)
		RebuildScriptCaches (0ms)
		SetupLoadedEditorAssemblies (662ms)
			LogAssemblyErrors (0ms)
			InitializePlatformSupportModulesInManaged (8ms)
			SetLoadedEditorAssemblies (5ms)
			BeforeProcessingInitializeOnLoad (129ms)
			ProcessInitializeOnLoadAttributes (314ms)
			ProcessInitializeOnLoadMethodAttributes (201ms)
			AfterProcessingInitializeOnLoad (5ms)
			EditorAssembliesLoaded (0ms)
		ExecutionOrderSort2 (0ms)
		AwakeInstancesAfterBackupRestoration (7ms)
Platform AndroidPlayer does not support graphics device type OpenGL ES 2
Launched and connected shader compiler UnityShaderCompiler.exe after 0.02 seconds
Refreshing native plugins compatible for Editor in 7.42 ms, found 2 plugins.
Preloading 0 native plugins for Editor in 0.00 ms.
Unloading 3124 Unused Serialized files (Serialized files now loaded: 0)
Unloading 86 unused Assets / (1.1 MB). Loaded Objects now: 3664.
Memory consumption went from 158.3 MB to 157.3 MB.
Total: 9.071900 ms (FindLiveObjects: 0.287700 ms CreateObjectMapping: 0.297900 ms MarkObjects: 8.080700 ms  DeleteObjects: 0.404000 ms)

AssetImportParameters requested are different than current active one (requested -> active):
  custom:container-demuxer-ogg: 62fdf1f143b41e24485cea50d1cbac27 -> 
  custom:framework-win-MediaFoundation: 216162199b28c13a410421893ffa2e32 -> 
  custom:video-decoder-webm-vp8: 9c59270c3fd7afecdb556c50c9e8de78 -> 
  custom:scripting/precompiled-assembly-types:PrivateerAsmDef: f9f8279152d354591be6567ffbbea1cd -> 4ee3f8c6148515a853214c89f22b3106
  custom:audio-encoder-webm-vorbis: bf7c407c2cedff20999df2af8eb42d56 -> 
  custom:video-decoder-ogg-theora: a1e56fd34408186e4bbccfd4996cb3dc -> 
  custom:container-muxer-webm: aa71ff27fc2769a1b78a27578f13a17b -> 
  custom:AudioImporter_EditorPlatform: d09bf68614088b80899f8185d706f6e7 -> 
  custom:audio-decoder-ogg-vorbis: bf7c407c2cedff20999df2af8eb42d56 -> 
  custom:container-demuxer-webm: 4f35f7cbe854078d1ac9338744f61a02 -> 
  custom:video-encoder-webm-vp8: eb34c28f22e8b96e1ab97ce403110664 -> 
========================================================================
Received Prepare
Platform AndroidPlayer does not support graphics device type OpenGL ES 2
Begin MonoManager ReloadAssembly
C:\build\output\Unity-Technologies\mono\mono\metadata\icall.c:1842:
C:\build\output\Unity-Technologies\mono\mono\metadata\icall.c:1842:
C:\build\output\Unity-Technologies\mono\mono\metadata\icall.c:1842:
C:\build\output\Unity-Technologies\mono\mono\metadata\icall.c:1842:
C:\build\output\Unity-Technologies\mono\mono\metadata\icall.c:1842:
C:\build\output\Unity-Technologies\mono\mono\metadata\icall.c:1842:
C:\build\output\Unity-Technologies\mono\mono\metadata\icall.c:1842:
C:\build\output\Unity-Technologies\mono\mono\metadata\icall.c:1842:
C:\build\output\Unity-Technologies\mono\mono\metadata\icall.c:1842:
C:\build\output\Unity-Technologies\mono\mono\metadata\icall.c:1842:
C:\build\output\Unity-Technologies\mono\mono\metadata\icall.c:1842:
C:\build\output\Unity-Technologies\mono\mono\metadata\icall.c:1842:
Symbol file LoadedFromMemory is not a mono symbol file
- Loaded All Assemblies, in  1.225 seconds
Refreshing native plugins compatible for Editor in 8.63 ms, found 2 plugins.
Native extension for WindowsStandalone target not found
Native extension for WebGL target not found
Mono: successfully reloaded assembly
- Finished resetting the current domain, in  1.578 seconds
Domain Reload Profiling: 2802ms
	BeginReloadAssembly (542ms)
		ExecutionOrderSort (0ms)
		DisableScriptedObjects (8ms)
		BackupInstance (0ms)
		ReleaseScriptingObjects (0ms)
		CreateAndSetChildDomain (55ms)
	RebuildCommonClasses (46ms)
	RebuildNativeTypeToScriptingClass (16ms)
	initialDomainReloadingComplete (28ms)
	LoadAllAssembliesAndSetupDomain (591ms)
		LoadAssemblies (373ms)
		RebuildTransferFunctionScriptingTraits (0ms)
		AnalyzeDomain (343ms)
			TypeCache.Refresh (334ms)
				TypeCache.ScanAssembly (316ms)
			ScanForSourceGeneratedMonoScriptInfo (3ms)
			ResolveRequiredComponents (5ms)
	FinalizeReload (1579ms)
		ReleaseScriptCaches (0ms)
		RebuildScriptCaches (0ms)
		SetupLoadedEditorAssemblies (1040ms)
			LogAssemblyErrors (0ms)
			InitializePlatformSupportModulesInManaged (8ms)
			SetLoadedEditorAssemblies (5ms)
			BeforeProcessingInitializeOnLoad (198ms)
			ProcessInitializeOnLoadAttributes (482ms)
			ProcessInitializeOnLoadMethodAttributes (341ms)
			AfterProcessingInitializeOnLoad (6ms)
			EditorAssembliesLoaded (1ms)
		ExecutionOrderSort2 (0ms)
		AwakeInstancesAfterBackupRestoration (11ms)
Script is not up to date after domain reload: guid(cbe28cf94e9332b45acc258c7c677c32) path("Assets/World objects/Scripts/Combat mechanics/Ship.cs") state(2)
Refreshing native plugins compatible for Editor in 12.82 ms, found 2 plugins.
Preloading 0 native plugins for Editor in 0.00 ms.
Unloading 3076 Unused Serialized files (Serialized files now loaded: 0)
Unloading 76 unused Assets / (1.0 MB). Loaded Objects now: 3668.
Memory consumption went from 147.8 MB to 146.8 MB.
Total: 13.136000 ms (FindLiveObjects: 0.421300 ms CreateObjectMapping: 0.416000 ms MarkObjects: 11.907900 ms  DeleteObjects: 0.389300 ms)

Prepare: number of updated asset objects reloaded= 0
AssetImportParameters requested are different than current active one (requested -> active):
  custom:container-demuxer-ogg: 62fdf1f143b41e24485cea50d1cbac27 -> 
  custom:framework-win-MediaFoundation: 216162199b28c13a410421893ffa2e32 -> 
  custom:video-decoder-webm-vp8: 9c59270c3fd7afecdb556c50c9e8de78 -> 
  custom:audio-encoder-webm-vorbis: bf7c407c2cedff20999df2af8eb42d56 -> 
  custom:video-decoder-ogg-theora: a1e56fd34408186e4bbccfd4996cb3dc -> 
  custom:container-muxer-webm: aa71ff27fc2769a1b78a27578f13a17b -> 
  custom:AudioImporter_EditorPlatform: d09bf68614088b80899f8185d706f6e7 -> 
  custom:audio-decoder-ogg-vorbis: bf7c407c2cedff20999df2af8eb42d56 -> 
  custom:container-demuxer-webm: 4f35f7cbe854078d1ac9338744f61a02 -> 
  custom:video-encoder-webm-vp8: eb34c28f22e8b96e1ab97ce403110664 -> 
========================================================================
Received Import Request.
  Time since last request: 1571244.514569 seconds.
  path: Assets/World objects/Scripted ship prefabs/Terran - Sloop Monitor.prefab
  artifactKey: Guid(0b731f3e21b40bd48a5ddda31916ec60) Importer(815301076,1909f56bfc062723c751e8b465ee728b)
Start importing Assets/World objects/Scripted ship prefabs/Terran - Sloop Monitor.prefab using Guid(0b731f3e21b40bd48a5ddda31916ec60) Importer(815301076,1909f56bfc062723c751e8b465ee728b)  -> (artifact id: '022c30146702d5783734857376975fe9') in 0.256046 seconds
Number of updated asset objects reloaded before import = 0
Number of asset objects unloaded after import = 162
========================================================================
Received Import Request.
  Time since last request: 0.000044 seconds.
  path: Assets/World objects/Scripted ship prefabs/Terran - Sloop Charleston.prefab
  artifactKey: Guid(a0d24c935b300bd4eb9b394cab7f8307) Importer(815301076,1909f56bfc062723c751e8b465ee728b)
Start importing Assets/World objects/Scripted ship prefabs/Terran - Sloop Charleston.prefab using Guid(a0d24c935b300bd4eb9b394cab7f8307) Importer(815301076,1909f56bfc062723c751e8b465ee728b)  -> (artifact id: 'bf0f34fd55f2b8734265c3c495ee131c') in 0.044623 seconds
Number of updated asset objects reloaded before import = 0
Number of asset objects unloaded after import = 171
========================================================================
Received Import Request.
  Time since last request: 0.000032 seconds.
  path: Assets/World objects/Scripted ship prefabs/Terran - Destroyer Sachsen.prefab
  artifactKey: Guid(c0b7d06ee4002964e85857b6bcfb7500) Importer(815301076,1909f56bfc062723c751e8b465ee728b)
Start importing Assets/World objects/Scripted ship prefabs/Terran - Destroyer Sachsen.prefab using Guid(c0b7d06ee4002964e85857b6bcfb7500) Importer(815301076,1909f56bfc062723c751e8b465ee728b)  -> (artifact id: '024e9eab3b2a38304a17e99aab1901de') in 0.050639 seconds
Number of updated asset objects reloaded before import = 0
Number of asset objects unloaded after import = 269
========================================================================
Received Import Request.
  Time since last request: 0.000024 seconds.
  path: Assets/World objects/Scripted ship prefabs/Terran - Frigate Cochrane.prefab
  artifactKey: Guid(b335863579f883744baf15e440818b46) Importer(815301076,1909f56bfc062723c751e8b465ee728b)
Start importing Assets/World objects/Scripted ship prefabs/Terran - Frigate Cochrane.prefab using Guid(b335863579f883744baf15e440818b46) Importer(815301076,1909f56bfc062723c751e8b465ee728b)  -> (artifact id: '91d6eec4959425aee5b58d6a1fac39c4') in 0.050863 seconds
Number of updated asset objects reloaded before import = 0
Number of asset objects unloaded after import = 268
========================================================================
Received Import Request.
  Time since last request: 4.707757 seconds.
  path: Assets/World objects/Scripted ship prefabs/Terran - Battleship devastation alt.prefab
  artifactKey: Guid(64585c44ad74345449b7491bc7ebad32) Importer(815301076,1909f56bfc062723c751e8b465ee728b)
Start importing Assets/World objects/Scripted ship prefabs/Terran - Battleship devastation alt.prefab using Guid(64585c44ad74345449b7491bc7ebad32) Importer(815301076,1909f56bfc062723c751e8b465ee728b)  -> (artifact id: '9fe8eadf97f128e8b60ed2a59508bbfc') in 0.052092 seconds
Number of updated asset objects reloaded before import = 0
Number of asset objects unloaded after import = 349
========================================================================
Received Import Request.
  Time since last request: 0.000028 seconds.
  path: Assets/World objects/Scripted ship prefabs/Terran - Cruiser Arminius.prefab
  artifactKey: Guid(979aa53004b071949b979e9701ef4052) Importer(815301076,1909f56bfc062723c751e8b465ee728b)
Start importing Assets/World objects/Scripted ship prefabs/Terran - Cruiser Arminius.prefab using Guid(979aa53004b071949b979e9701ef4052) Importer(815301076,1909f56bfc062723c751e8b465ee728b)  -> (artifact id: 'f9ede43adad32c101eb116a693106b87') in 0.032763 seconds
Number of updated asset objects reloaded before import = 0
Number of asset objects unloaded after import = 270
========================================================================
Received Import Request.
  Time since last request: 0.000022 seconds.
  path: Assets/World objects/Scripted ship prefabs/Terran - Demi-battleship navarino.prefab
  artifactKey: Guid(91c96f33a3129b5468e5029ef117edbb) Importer(815301076,1909f56bfc062723c751e8b465ee728b)
Start importing Assets/World objects/Scripted ship prefabs/Terran - Demi-battleship navarino.prefab using Guid(91c96f33a3129b5468e5029ef117edbb) Importer(815301076,1909f56bfc062723c751e8b465ee728b)  -> (artifact id: '548d63afc95ee6efb9b9c71319f0af51') in 0.040335 seconds
Number of updated asset objects reloaded before import = 0
Number of asset objects unloaded after import = 313
========================================================================
Received Import Request.
  Time since last request: 0.000021 seconds.
  path: Assets/World objects/Scripted ship prefabs/Terran - carrier Hermes.prefab
  artifactKey: Guid(0fc4aee800c05d54ca0dd981409738d7) Importer(815301076,1909f56bfc062723c751e8b465ee728b)
Start importing Assets/World objects/Scripted ship prefabs/Terran - carrier Hermes.prefab using Guid(0fc4aee800c05d54ca0dd981409738d7) Importer(815301076,1909f56bfc062723c751e8b465ee728b)  -> (artifact id: '59ee33d691ab8d66c82458517926c1bf') in 0.039343 seconds
Number of updated asset objects reloaded before import = 0
Number of asset objects unloaded after import = 300
========================================================================
Received Import Request.
  Time since last request: 2.520565 seconds.
  path: Assets/World objects/Scripted ship prefabs/Terran - Battleship devastation alt.prefab
  artifactKey: Guid(64585c44ad74345449b7491bc7ebad32) Importer(815301076,1909f56bfc062723c751e8b465ee728b)
Start importing Assets/World objects/Scripted ship prefabs/Terran - Battleship devastation alt.prefab using Guid(64585c44ad74345449b7491bc7ebad32) Importer(815301076,1909f56bfc062723c751e8b465ee728b)  -> (artifact id: '83119bf77ae874a88f2a5dbb0dfe66fe') in 0.045549 seconds
Number of updated asset objects reloaded before import = 0
Number of asset objects unloaded after import = 349
========================================================================
Received Import Request.
  Time since last request: 0.000017 seconds.
  path: Assets/World objects/Scripted ship prefabs/Terran - Sloop Monitor.prefab
  artifactKey: Guid(0b731f3e21b40bd48a5ddda31916ec60) Importer(815301076,1909f56bfc062723c751e8b465ee728b)
Start importing Assets/World objects/Scripted ship prefabs/Terran - Sloop Monitor.prefab using Guid(0b731f3e21b40bd48a5ddda31916ec60) Importer(815301076,1909f56bfc062723c751e8b465ee728b)  -> (artifact id: '22c199b7488f164a7b5b4ccee1b7a127') in 0.028671 seconds
Number of updated asset objects reloaded before import = 0
Number of asset objects unloaded after import = 162
========================================================================
Received Import Request.
  Time since last request: 0.000017 seconds.
  path: Assets/World objects/Scripted ship prefabs/Terran - Frigate Chickasaw.prefab
  artifactKey: Guid(3ce29f4c0dd345b45851a2f1e7b83e6a) Importer(815301076,1909f56bfc062723c751e8b465ee728b)
Start importing Assets/World objects/Scripted ship prefabs/Terran - Frigate Chickasaw.prefab using Guid(3ce29f4c0dd345b45851a2f1e7b83e6a) Importer(815301076,1909f56bfc062723c751e8b465ee728b)  -> (artifact id: '79cd901ee4e34328cb2ba7064409bf03') in 0.035726 seconds
Number of updated asset objects reloaded before import = 0
Number of asset objects unloaded after import = 240
========================================================================
Received Import Request.
  Time since last request: 0.000018 seconds.
  path: Assets/World objects/Scripted ship prefabs/Terran - Sloop Richmond.prefab
  artifactKey: Guid(6f0d8fd7419104546a22cc523434b56a) Importer(815301076,1909f56bfc062723c751e8b465ee728b)
Start importing Assets/World objects/Scripted ship prefabs/Terran - Sloop Richmond.prefab using Guid(6f0d8fd7419104546a22cc523434b56a) Importer(815301076,1909f56bfc062723c751e8b465ee728b)  -> (artifact id: 'da00b44a02061ab2e844004f50a6c2d7') in 0.028429 seconds
Number of updated asset objects reloaded before import = 0
Number of asset objects unloaded after import = 174
========================================================================
Received Import Request.
  Time since last request: 0.000024 seconds.
  path: Assets/World objects/Scripted ship prefabs/Terran - Frigate Cochrane.prefab
  artifactKey: Guid(b335863579f883744baf15e440818b46) Importer(815301076,1909f56bfc062723c751e8b465ee728b)
Start importing Assets/World objects/Scripted ship prefabs/Terran - Frigate Cochrane.prefab using Guid(b335863579f883744baf15e440818b46) Importer(815301076,1909f56bfc062723c751e8b465ee728b)  -> (artifact id: '453d4d7d2ba3a5182159e3e9eb4b794f') in 0.039537 seconds
Number of updated asset objects reloaded before import = 0
Number of asset objects unloaded after import = 268
========================================================================
Received Prepare
Platform AndroidPlayer does not support graphics device type OpenGL ES 2
Begin MonoManager ReloadAssembly
C:\build\output\Unity-Technologies\mono\mono\metadata\icall.c:1842:
C:\build\output\Unity-Technologies\mono\mono\metadata\icall.c:1842:
C:\build\output\Unity-Technologies\mono\mono\metadata\icall.c:1842:
C:\build\output\Unity-Technologies\mono\mono\metadata\icall.c:1842:
C:\build\output\Unity-Technologies\mono\mono\metadata\icall.c:1842:
C:\build\output\Unity-Technologies\mono\mono\metadata\icall.c:1842:
C:\build\output\Unity-Technologies\mono\mono\metadata\icall.c:1842:
C:\build\output\Unity-Technologies\mono\mono\metadata\icall.c:1842:
C:\build\output\Unity-Technologies\mono\mono\metadata\icall.c:1842:
C:\build\output\Unity-Technologies\mono\mono\metadata\icall.c:1842:
C:\build\output\Unity-Technologies\mono\mono\metadata\icall.c:1842:
C:\build\output\Unity-Technologies\mono\mono\metadata\icall.c:1842:
Symbol file LoadedFromMemory is not a mono symbol file
- Loaded All Assemblies, in  1.542 seconds
Refreshing native plugins compatible for Editor in 8.08 ms, found 2 plugins.
Native extension for WindowsStandalone target not found
Native extension for WebGL target not found
Mono: successfully reloaded assembly
- Finished resetting the current domain, in  1.089 seconds
Domain Reload Profiling: 2627ms
	BeginReloadAssembly (658ms)
		ExecutionOrderSort (0ms)
		DisableScriptedObjects (10ms)
		BackupInstance (0ms)
		ReleaseScriptingObjects (0ms)
		CreateAndSetChildDomain (76ms)
	RebuildCommonClasses (62ms)
	RebuildNativeTypeToScriptingClass (18ms)
	initialDomainReloadingComplete (35ms)
	LoadAllAssembliesAndSetupDomain (764ms)
		LoadAssemblies (521ms)
		RebuildTransferFunctionScriptingTraits (0ms)
		AnalyzeDomain (403ms)
			TypeCache.Refresh (394ms)
				TypeCache.ScanAssembly (361ms)
			ScanForSourceGeneratedMonoScriptInfo (4ms)
			ResolveRequiredComponents (5ms)
	FinalizeReload (1090ms)
		ReleaseScriptCaches (0ms)
		RebuildScriptCaches (0ms)
		SetupLoadedEditorAssemblies (645ms)
			LogAssemblyErrors (0ms)
			InitializePlatformSupportModulesInManaged (8ms)
			SetLoadedEditorAssemblies (4ms)
			BeforeProcessingInitializeOnLoad (135ms)
			ProcessInitializeOnLoadAttributes (275ms)
			ProcessInitializeOnLoadMethodAttributes (219ms)
			AfterProcessingInitializeOnLoad (4ms)
			EditorAssembliesLoaded (0ms)
		ExecutionOrderSort2 (0ms)
		AwakeInstancesAfterBackupRestoration (9ms)
Refreshing native plugins compatible for Editor in 7.26 ms, found 2 plugins.
Preloading 0 native plugins for Editor in 0.00 ms.
Unloading 3075 Unused Serialized files (Serialized files now loaded: 0)
Unloading 76 unused Assets / (1.0 MB). Loaded Objects now: 3681.
Memory consumption went from 149.3 MB to 148.2 MB.
Total: 7.354900 ms (FindLiveObjects: 0.227700 ms CreateObjectMapping: 0.213900 ms MarkObjects: 6.673000 ms  DeleteObjects: 0.239200 ms)

Prepare: number of updated asset objects reloaded= 0
AssetImportParameters requested are different than current active one (requested -> active):
  custom:container-demuxer-ogg: 62fdf1f143b41e24485cea50d1cbac27 -> 
  custom:framework-win-MediaFoundation: 216162199b28c13a410421893ffa2e32 -> 
  custom:video-decoder-webm-vp8: 9c59270c3fd7afecdb556c50c9e8de78 -> 
  custom:audio-encoder-webm-vorbis: bf7c407c2cedff20999df2af8eb42d56 -> 
  custom:video-decoder-ogg-theora: a1e56fd34408186e4bbccfd4996cb3dc -> 
  custom:container-muxer-webm: aa71ff27fc2769a1b78a27578f13a17b -> 
  custom:AudioImporter_EditorPlatform: d09bf68614088b80899f8185d706f6e7 -> 
  custom:audio-decoder-ogg-vorbis: bf7c407c2cedff20999df2af8eb42d56 -> 
  custom:container-demuxer-webm: 4f35f7cbe854078d1ac9338744f61a02 -> 
  custom:video-encoder-webm-vp8: eb34c28f22e8b96e1ab97ce403110664 -> 
========================================================================
Received Import Request.
  Time since last request: 45.545800 seconds.
  path: Assets/World objects/Scripted ship prefabs/Terran - Battleship devastation alt.prefab
  artifactKey: Guid(64585c44ad74345449b7491bc7ebad32) Importer(815301076,1909f56bfc062723c751e8b465ee728b)
Start importing Assets/World objects/Scripted ship prefabs/Terran - Battleship devastation alt.prefab using Guid(64585c44ad74345449b7491bc7ebad32) Importer(815301076,1909f56bfc062723c751e8b465ee728b)  -> (artifact id: '79141c7c70eeace258f4b70131e0b7d6') in 0.137881 seconds
Number of updated asset objects reloaded before import = 0
Number of asset objects unloaded after import = 349
========================================================================
Received Import Request.
  Time since last request: 0.000020 seconds.
  path: Assets/World objects/Scripted ship prefabs/Terran - Sloop Monitor.prefab
  artifactKey: Guid(0b731f3e21b40bd48a5ddda31916ec60) Importer(815301076,1909f56bfc062723c751e8b465ee728b)
Start importing Assets/World objects/Scripted ship prefabs/Terran - Sloop Monitor.prefab using Guid(0b731f3e21b40bd48a5ddda31916ec60) Importer(815301076,1909f56bfc062723c751e8b465ee728b)  -> (artifact id: 'ddb50a8c13dc54156f2600026934413b') in 0.031541 seconds
Number of updated asset objects reloaded before import = 0
Number of asset objects unloaded after import = 162
========================================================================
Received Import Request.
  Time since last request: 0.000023 seconds.
  path: Assets/World objects/Scripted ship prefabs/Terran - Sloop Charleston.prefab
  artifactKey: Guid(a0d24c935b300bd4eb9b394cab7f8307) Importer(815301076,1909f56bfc062723c751e8b465ee728b)
Start importing Assets/World objects/Scripted ship prefabs/Terran - Sloop Charleston.prefab using Guid(a0d24c935b300bd4eb9b394cab7f8307) Importer(815301076,1909f56bfc062723c751e8b465ee728b)  -> (artifact id: '48bb19de652d7ae20a02efe89c5a0f34') in 0.030298 seconds
Number of updated asset objects reloaded before import = 0
Number of asset objects unloaded after import = 171
========================================================================
Received Import Request.
  Time since last request: 0.000031 seconds.
  path: Assets/World objects/Scripted ship prefabs/Terran - Destroyer Sachsen.prefab
  artifactKey: Guid(c0b7d06ee4002964e85857b6bcfb7500) Importer(815301076,1909f56bfc062723c751e8b465ee728b)
Start importing Assets/World objects/Scripted ship prefabs/Terran - Destroyer Sachsen.prefab using Guid(c0b7d06ee4002964e85857b6bcfb7500) Importer(815301076,1909f56bfc062723c751e8b465ee728b)  -> (artifact id: 'c0a21a68c536867374c3aee91f7a7771') in 0.044715 seconds
Number of updated asset objects reloaded before import = 0
Number of asset objects unloaded after import = 269
========================================================================
Received Import Request.
  Time since last request: 0.000023 seconds.
  path: Assets/World objects/Scripted ship prefabs/Terran - cuiser Aurora med.prefab
  artifactKey: Guid(da22b26bf4e774b459b0267183a20e4e) Importer(815301076,1909f56bfc062723c751e8b465ee728b)
Start importing Assets/World objects/Scripted ship prefabs/Terran - cuiser Aurora med.prefab using Guid(da22b26bf4e774b459b0267183a20e4e) Importer(815301076,1909f56bfc062723c751e8b465ee728b)  -> (artifact id: '5189e550b24cecead49cd4f66bbfeda7') in 0.036989 seconds
Number of updated asset objects reloaded before import = 0
Number of asset objects unloaded after import = 330
========================================================================
Received Import Request.
  Time since last request: 21.857877 seconds.
  path: Assets/World objects/Scripted ship prefabs/Terran - Battleship devastation alt.prefab
  artifactKey: Guid(64585c44ad74345449b7491bc7ebad32) Importer(815301076,1909f56bfc062723c751e8b465ee728b)
Start importing Assets/World objects/Scripted ship prefabs/Terran - Battleship devastation alt.prefab using Guid(64585c44ad74345449b7491bc7ebad32) Importer(815301076,1909f56bfc062723c751e8b465ee728b)  -> (artifact id: '5c52a9c849c1d511ebbdb7eaf0075f09') in 0.047193 seconds
Number of updated asset objects reloaded before import = 0
Number of asset objects unloaded after import = 349
========================================================================
Received Import Request.
  Time since last request: 0.000018 seconds.
  path: Assets/World objects/Scripted ship prefabs/Terran - Sloop Monitor.prefab
  artifactKey: Guid(0b731f3e21b40bd48a5ddda31916ec60) Importer(815301076,1909f56bfc062723c751e8b465ee728b)
Start importing Assets/World objects/Scripted ship prefabs/Terran - Sloop Monitor.prefab using Guid(0b731f3e21b40bd48a5ddda31916ec60) Importer(815301076,1909f56bfc062723c751e8b465ee728b)  -> (artifact id: '5c1a2becfd0beadd9b2b07f8558db149') in 0.035191 seconds
Number of updated asset objects reloaded before import = 0
Number of asset objects unloaded after import = 162
========================================================================
Received Import Request.
  Time since last request: 0.000027 seconds.
  path: Assets/World objects/Scripted ship prefabs/Terran - Sloop Charleston.prefab
  artifactKey: Guid(a0d24c935b300bd4eb9b394cab7f8307) Importer(815301076,1909f56bfc062723c751e8b465ee728b)
Start importing Assets/World objects/Scripted ship prefabs/Terran - Sloop Charleston.prefab using Guid(a0d24c935b300bd4eb9b394cab7f8307) Importer(815301076,1909f56bfc062723c751e8b465ee728b)  -> (artifact id: 'eb1491d8c531d1f61a5bef7d968e1749') in 0.032306 seconds
Number of updated asset objects reloaded before import = 0
Number of asset objects unloaded after import = 171
========================================================================
Received Import Request.
  Time since last request: 0.000022 seconds.
  path: Assets/World objects/Scripted ship prefabs/Terran - Destroyer Sachsen.prefab
  artifactKey: Guid(c0b7d06ee4002964e85857b6bcfb7500) Importer(815301076,1909f56bfc062723c751e8b465ee728b)
Start importing Assets/World objects/Scripted ship prefabs/Terran - Destroyer Sachsen.prefab using Guid(c0b7d06ee4002964e85857b6bcfb7500) Importer(815301076,1909f56bfc062723c751e8b465ee728b)  -> (artifact id: '01f7771283ad9d4f640d34f6ffedd77b') in 0.039297 seconds
Number of updated asset objects reloaded before import = 0
Number of asset objects unloaded after import = 269
========================================================================
Received Import Request.
  Time since last request: 0.000037 seconds.
  path: Assets/World objects/Scripted ship prefabs/Terran - Frigate Cochrane.prefab
  artifactKey: Guid(b335863579f883744baf15e440818b46) Importer(815301076,1909f56bfc062723c751e8b465ee728b)
Start importing Assets/World objects/Scripted ship prefabs/Terran - Frigate Cochrane.prefab using Guid(b335863579f883744baf15e440818b46) Importer(815301076,1909f56bfc062723c751e8b465ee728b)  -> (artifact id: '7e0fad47c97e55c81170dced90b79b9f') in 0.048271 seconds
Number of updated asset objects reloaded before import = 0
Number of asset objects unloaded after import = 268
========================================================================
Received Import Request.
  Time since last request: 5.227862 seconds.
  path: Assets/World objects/Scripted ship prefabs/Terran - Battleship devastation alt.prefab
  artifactKey: Guid(64585c44ad74345449b7491bc7ebad32) Importer(815301076,1909f56bfc062723c751e8b465ee728b)
Start importing Assets/World objects/Scripted ship prefabs/Terran - Battleship devastation alt.prefab using Guid(64585c44ad74345449b7491bc7ebad32) Importer(815301076,1909f56bfc062723c751e8b465ee728b)  -> (artifact id: 'ace1b485acf99ff447698f2c5f3e135c') in 0.043938 seconds
Number of updated asset objects reloaded before import = 0
Number of asset objects unloaded after import = 349
========================================================================
Received Import Request.
  Time since last request: 0.000017 seconds.
  path: Assets/World objects/Scripted ship prefabs/Terran - Cruiser Arminius.prefab
  artifactKey: Guid(979aa53004b071949b979e9701ef4052) Importer(815301076,1909f56bfc062723c751e8b465ee728b)
Start importing Assets/World objects/Scripted ship prefabs/Terran - Cruiser Arminius.prefab using Guid(979aa53004b071949b979e9701ef4052) Importer(815301076,1909f56bfc062723c751e8b465ee728b)  -> (artifact id: '9f9a49dcffd3b631ff9258c6fdb7dfbf') in 0.037142 seconds
Number of updated asset objects reloaded before import = 0
Number of asset objects unloaded after import = 270
========================================================================
Received Import Request.
  Time since last request: 0.000013 seconds.
  path: Assets/World objects/Scripted ship prefabs/Terran - Demi-battleship navarino.prefab
  artifactKey: Guid(91c96f33a3129b5468e5029ef117edbb) Importer(815301076,1909f56bfc062723c751e8b465ee728b)
Start importing Assets/World objects/Scripted ship prefabs/Terran - Demi-battleship navarino.prefab using Guid(91c96f33a3129b5468e5029ef117edbb) Importer(815301076,1909f56bfc062723c751e8b465ee728b)  -> (artifact id: '9af7aa84ba92446080d58ea2928340da') in 0.040663 seconds
Number of updated asset objects reloaded before import = 0
Number of asset objects unloaded after import = 313
========================================================================
Received Import Request.
  Time since last request: 0.000018 seconds.
  path: Assets/World objects/Scripted ship prefabs/Terran - carrier Hermes.prefab
  artifactKey: Guid(0fc4aee800c05d54ca0dd981409738d7) Importer(815301076,1909f56bfc062723c751e8b465ee728b)
Start importing Assets/World objects/Scripted ship prefabs/Terran - carrier Hermes.prefab using Guid(0fc4aee800c05d54ca0dd981409738d7) Importer(815301076,1909f56bfc062723c751e8b465ee728b)  -> (artifact id: '2d2587067d1f8f418984f0b62a86201c') in 0.038559 seconds
Number of updated asset objects reloaded before import = 0
Number of asset objects unloaded after import = 300
========================================================================
Received Import Request.
  Time since last request: 50.779139 seconds.
  path: Assets/World objects/Scripted ship prefabs/Terran - Battleship devastation alt.prefab
  artifactKey: Guid(64585c44ad74345449b7491bc7ebad32) Importer(815301076,1909f56bfc062723c751e8b465ee728b)
Start importing Assets/World objects/Scripted ship prefabs/Terran - Battleship devastation alt.prefab using Guid(64585c44ad74345449b7491bc7ebad32) Importer(815301076,1909f56bfc062723c751e8b465ee728b)  -> (artifact id: 'a37dcaf089f0406961b6d4bfd618ae90') in 0.049792 seconds
Number of updated asset objects reloaded before import = 0
Number of asset objects unloaded after import = 349
========================================================================
Received Import Request.
  Time since last request: 0.000022 seconds.
  path: Assets/World objects/Scripted ship prefabs/Terran - Cruiser Arminius.prefab
  artifactKey: Guid(979aa53004b071949b979e9701ef4052) Importer(815301076,1909f56bfc062723c751e8b465ee728b)
Start importing Assets/World objects/Scripted ship prefabs/Terran - Cruiser Arminius.prefab using Guid(979aa53004b071949b979e9701ef4052) Importer(815301076,1909f56bfc062723c751e8b465ee728b)  -> (artifact id: '7f0c1ee8b27516d7044dee3c1554d1a2') in 0.042060 seconds
Number of updated asset objects reloaded before import = 0
Number of asset objects unloaded after import = 270
========================================================================
Received Import Request.
  Time since last request: 0.000018 seconds.
  path: Assets/World objects/Scripted ship prefabs/Terran - Demi-battleship navarino.prefab
  artifactKey: Guid(91c96f33a3129b5468e5029ef117edbb) Importer(815301076,1909f56bfc062723c751e8b465ee728b)
Start importing Assets/World objects/Scripted ship prefabs/Terran - Demi-battleship navarino.prefab using Guid(91c96f33a3129b5468e5029ef117edbb) Importer(815301076,1909f56bfc062723c751e8b465ee728b)  -> (artifact id: '9f8d82f8ac6cd0f254034f625ee98f96') in 0.038611 seconds
Number of updated asset objects reloaded before import = 0
Number of asset objects unloaded after import = 313
========================================================================
Received Import Request.
  Time since last request: 0.000024 seconds.
  path: Assets/World objects/Scripted ship prefabs/Terran - carrier Hermes.prefab
  artifactKey: Guid(0fc4aee800c05d54ca0dd981409738d7) Importer(815301076,1909f56bfc062723c751e8b465ee728b)
Start importing Assets/World objects/Scripted ship prefabs/Terran - carrier Hermes.prefab using Guid(0fc4aee800c05d54ca0dd981409738d7) Importer(815301076,1909f56bfc062723c751e8b465ee728b)  -> (artifact id: '92a745cd0d15e88bc3959b090cf80273') in 0.032768 seconds
Number of updated asset objects reloaded before import = 0
Number of asset objects unloaded after import = 300
Editor requested this worker to shutdown with reason: Scaling down because of idle timeout
AssetImportWorker is now disconnected from the server
Process exiting
Exiting without the bug reporter. Application will terminate with return code 0